mode: set
catapi/routers/router.go:8.13,19.2 9 0
catapi/main.go:8.13,10.2 1 0
catapi/controllers/cat_controller.go:21.58,23.2 1 0
catapi/controllers/cat_controller.go:26.52,27.28 1 0
catapi/controllers/cat_controller.go:27.28,29.6 1 0
catapi/controllers/cat_controller.go:30.5,30.26 1 0
catapi/controllers/cat_controller.go:64.39,65.22 1 0
catapi/controllers/cat_controller.go:65.22,67.6 1 0
catapi/controllers/cat_controller.go:69.5,73.19 4 0
catapi/controllers/cat_controller.go:73.19,75.6 1 0
catapi/controllers/cat_controller.go:75.11,77.6 1 0
catapi/controllers/cat_controller.go:78.5,78.28 1 0
catapi/controllers/cat_controller.go:82.43,95.9 7 0
catapi/controllers/cat_controller.go:96.29,97.26 1 0
catapi/controllers/cat_controller.go:98.26,99.59 1 0
catapi/controllers/cat_controller.go:102.2,102.15 1 0
catapi/controllers/cat_controller.go:105.37,115.9 6 0
catapi/controllers/cat_controller.go:116.29,117.26 1 0
catapi/controllers/cat_controller.go:118.26,119.59 1 0
catapi/controllers/cat_controller.go:122.2,122.15 1 0
catapi/controllers/cat_controller.go:126.42,142.9 8 0
catapi/controllers/cat_controller.go:143.29,144.26 1 0
catapi/controllers/cat_controller.go:145.26,146.59 1 0
catapi/controllers/cat_controller.go:149.2,149.15 1 0
catapi/controllers/cat_controller.go:152.78,155.16 3 0
catapi/controllers/cat_controller.go:155.16,157.3 1 0
catapi/controllers/cat_controller.go:159.2,163.16 4 0
catapi/controllers/cat_controller.go:163.16,165.3 1 0
catapi/controllers/cat_controller.go:166.2,169.16 3 0
catapi/controllers/cat_controller.go:169.16,171.3 1 0
catapi/controllers/cat_controller.go:173.2,173.28 1 0
catapi/controllers/cat_controller.go:173.28,175.3 1 0
catapi/controllers/cat_controller.go:177.2,179.16 3 0
catapi/controllers/cat_controller.go:179.16,181.3 1 0
catapi/controllers/cat_controller.go:183.2,183.22 1 0
catapi/controllers/cat_controller.go:183.22,185.3 1 0
catapi/controllers/cat_controller.go:187.2,187.27 1 0
catapi/controllers/cat_controller.go:191.112,197.16 5 0
catapi/controllers/cat_controller.go:197.16,200.3 2 0
catapi/controllers/cat_controller.go:202.2,205.16 3 0
catapi/controllers/cat_controller.go:205.16,208.3 2 0
catapi/controllers/cat_controller.go:209.2,212.16 3 0
catapi/controllers/cat_controller.go:212.16,215.3 2 0
catapi/controllers/cat_controller.go:217.2,217.28 1 0
catapi/controllers/cat_controller.go:217.28,220.3 2 0
catapi/controllers/cat_controller.go:222.2,224.16 3 0
catapi/controllers/cat_controller.go:224.16,227.3 2 0
catapi/controllers/cat_controller.go:229.2,229.21 1 0
catapi/controllers/cat_controller.go:233.106,239.19 5 0
catapi/controllers/cat_controller.go:239.19,244.6 4 0
catapi/controllers/cat_controller.go:245.5,248.31 3 0
catapi/controllers/cat_controller.go:248.31,253.6 4 0
catapi/controllers/cat_controller.go:255.5,257.19 3 0
catapi/controllers/cat_controller.go:257.19,262.6 4 0
catapi/controllers/cat_controller.go:264.5,266.21 3 0
catapi/controllers/cat_controller.go:271.123,277.16 5 0
catapi/controllers/cat_controller.go:277.16,282.3 4 0
catapi/controllers/cat_controller.go:283.2,286.28 3 0
catapi/controllers/cat_controller.go:286.28,291.3 4 0
catapi/controllers/cat_controller.go:293.2,295.16 3 0
catapi/controllers/cat_controller.go:295.16,300.3 4 0
catapi/controllers/cat_controller.go:302.2,304.18 3 0
catapi/controllers/cat_controller.go:307.38,312.74 4 0
catapi/controllers/cat_controller.go:312.74,317.3 4 0
catapi/controllers/cat_controller.go:319.2,319.41 1 0
catapi/controllers/cat_controller.go:319.41,324.3 4 0
catapi/controllers/cat_controller.go:327.2,337.16 9 0
catapi/controllers/cat_controller.go:337.16,344.3 6 0
catapi/controllers/cat_controller.go:345.2,350.54 4 0
catapi/controllers/cat_controller.go:350.54,357.3 6 0
catapi/controllers/cat_controller.go:359.2,361.15 3 0
catapi/controllers/cat_controller.go:364.36,374.16 8 0
catapi/controllers/cat_controller.go:374.16,379.3 4 0
catapi/controllers/cat_controller.go:380.2,384.28 3 0
catapi/controllers/cat_controller.go:384.28,389.3 4 0
catapi/controllers/cat_controller.go:391.2,392.54 2 0
catapi/controllers/cat_controller.go:392.54,397.3 4 0
catapi/controllers/cat_controller.go:399.2,400.15 2 0
catapi/controllers/cat_controller.go:403.42,410.81 4 0
catapi/controllers/cat_controller.go:410.81,415.6 4 0
catapi/controllers/cat_controller.go:416.2,416.28 1 0
catapi/controllers/cat_controller.go:416.28,421.6 4 0
catapi/controllers/cat_controller.go:422.5,429.19 7 0
catapi/controllers/cat_controller.go:429.19,431.6 1 0
catapi/controllers/cat_controller.go:432.5,433.19 2 0
catapi/controllers/cat_controller.go:433.19,439.6 5 0
catapi/controllers/cat_controller.go:440.5,443.57 3 0
catapi/controllers/cat_controller.go:443.57,449.6 5 0
catapi/controllers/cat_controller.go:451.5,452.18 2 0
catapi/controllers/cat_controller.go:455.40,464.22 7 0
catapi/controllers/cat_controller.go:464.22,466.6 1 0
catapi/controllers/cat_controller.go:467.5,468.19 2 0
catapi/controllers/cat_controller.go:468.19,473.6 4 0
catapi/controllers/cat_controller.go:474.5,478.31 3 0
catapi/controllers/cat_controller.go:478.31,483.6 4 0
catapi/controllers/cat_controller.go:485.5,486.57 2 0
catapi/controllers/cat_controller.go:486.57,491.6 4 0
catapi/controllers/cat_controller.go:493.5,494.18 2 0
catapi/controllers/cat_controller.go:497.42,508.19 6 0
catapi/controllers/cat_controller.go:508.19,513.6 4 0
catapi/controllers/cat_controller.go:516.5,520.22 3 0
catapi/controllers/cat_controller.go:520.22,522.6 1 0
catapi/controllers/cat_controller.go:523.5,524.19 2 0
catapi/controllers/cat_controller.go:524.19,529.6 4 0
catapi/controllers/cat_controller.go:530.5,533.31 2 0
catapi/controllers/cat_controller.go:533.31,541.6 7 0
catapi/controllers/cat_controller.go:544.5,545.18 2 0
catapi/controllers/default.go:11.32,15.2 3 0
catapi/controllers/cat_controller.go:21.58,23.2 1 1
catapi/controllers/cat_controller.go:26.52,27.28 1 1
catapi/controllers/cat_controller.go:27.28,29.6 1 1
catapi/controllers/cat_controller.go:30.5,30.26 1 1
catapi/controllers/cat_controller.go:64.39,65.22 1 1
catapi/controllers/cat_controller.go:65.22,67.6 1 1
catapi/controllers/cat_controller.go:69.5,73.19 4 1
catapi/controllers/cat_controller.go:73.19,75.6 1 1
catapi/controllers/cat_controller.go:75.11,77.6 1 1
catapi/controllers/cat_controller.go:78.5,78.28 1 1
catapi/controllers/cat_controller.go:82.43,95.9 7 1
catapi/controllers/cat_controller.go:96.29,97.26 1 0
catapi/controllers/cat_controller.go:98.26,99.59 1 1
catapi/controllers/cat_controller.go:102.2,102.15 1 1
catapi/controllers/cat_controller.go:105.37,115.9 6 1
catapi/controllers/cat_controller.go:116.29,117.26 1 1
catapi/controllers/cat_controller.go:118.26,119.59 1 0
catapi/controllers/cat_controller.go:122.2,122.15 1 1
catapi/controllers/cat_controller.go:126.42,142.9 8 1
catapi/controllers/cat_controller.go:143.29,144.26 1 0
catapi/controllers/cat_controller.go:145.26,146.59 1 1
catapi/controllers/cat_controller.go:149.2,149.15 1 1
catapi/controllers/cat_controller.go:152.78,155.16 3 1
catapi/controllers/cat_controller.go:155.16,157.3 1 0
catapi/controllers/cat_controller.go:159.2,163.16 4 1
catapi/controllers/cat_controller.go:163.16,165.3 1 1
catapi/controllers/cat_controller.go:166.2,169.16 3 1
catapi/controllers/cat_controller.go:169.16,171.3 1 0
catapi/controllers/cat_controller.go:173.2,173.28 1 1
catapi/controllers/cat_controller.go:173.28,175.3 1 0
catapi/controllers/cat_controller.go:177.2,179.16 3 1
catapi/controllers/cat_controller.go:179.16,181.3 1 0
catapi/controllers/cat_controller.go:183.2,183.22 1 1
catapi/controllers/cat_controller.go:183.22,185.3 1 1
catapi/controllers/cat_controller.go:187.2,187.27 1 1
catapi/controllers/cat_controller.go:191.112,197.16 5 1
catapi/controllers/cat_controller.go:197.16,200.3 2 0
catapi/controllers/cat_controller.go:202.2,205.16 3 1
catapi/controllers/cat_controller.go:205.16,208.3 2 1
catapi/controllers/cat_controller.go:209.2,212.16 3 1
catapi/controllers/cat_controller.go:212.16,215.3 2 0
catapi/controllers/cat_controller.go:217.2,217.28 1 1
catapi/controllers/cat_controller.go:217.28,220.3 2 1
catapi/controllers/cat_controller.go:222.2,224.16 3 1
catapi/controllers/cat_controller.go:224.16,227.3 2 1
catapi/controllers/cat_controller.go:229.2,229.21 1 1
catapi/controllers/cat_controller.go:233.106,239.19 5 1
catapi/controllers/cat_controller.go:239.19,244.6 4 1
catapi/controllers/cat_controller.go:245.5,248.31 3 1
catapi/controllers/cat_controller.go:248.31,253.6 4 1
catapi/controllers/cat_controller.go:255.5,257.19 3 1
catapi/controllers/cat_controller.go:257.19,262.6 4 1
catapi/controllers/cat_controller.go:264.5,266.21 3 1
catapi/controllers/cat_controller.go:271.123,277.16 5 1
catapi/controllers/cat_controller.go:277.16,282.3 4 1
catapi/controllers/cat_controller.go:283.2,286.28 3 1
catapi/controllers/cat_controller.go:286.28,291.3 4 1
catapi/controllers/cat_controller.go:293.2,295.16 3 1
catapi/controllers/cat_controller.go:295.16,300.3 4 1
catapi/controllers/cat_controller.go:302.2,304.18 3 1
catapi/controllers/cat_controller.go:307.38,312.74 4 1
catapi/controllers/cat_controller.go:312.74,317.3 4 0
catapi/controllers/cat_controller.go:319.2,319.41 1 1
catapi/controllers/cat_controller.go:319.41,324.3 4 0
catapi/controllers/cat_controller.go:327.2,337.16 9 1
catapi/controllers/cat_controller.go:337.16,344.3 6 1
catapi/controllers/cat_controller.go:345.2,350.54 4 1
catapi/controllers/cat_controller.go:350.54,357.3 6 1
catapi/controllers/cat_controller.go:359.2,361.15 3 1
catapi/controllers/cat_controller.go:364.36,374.16 8 1
catapi/controllers/cat_controller.go:374.16,379.3 4 1
catapi/controllers/cat_controller.go:380.2,384.28 3 1
catapi/controllers/cat_controller.go:384.28,389.3 4 1
catapi/controllers/cat_controller.go:391.2,392.54 2 1
catapi/controllers/cat_controller.go:392.54,397.3 4 1
catapi/controllers/cat_controller.go:399.2,400.15 2 1
catapi/controllers/cat_controller.go:403.42,410.81 4 1
catapi/controllers/cat_controller.go:410.81,415.6 4 0
catapi/controllers/cat_controller.go:416.2,416.28 1 1
catapi/controllers/cat_controller.go:416.28,421.6 4 1
catapi/controllers/cat_controller.go:422.5,429.19 7 1
catapi/controllers/cat_controller.go:429.19,431.6 1 0
catapi/controllers/cat_controller.go:432.5,433.19 2 1
catapi/controllers/cat_controller.go:433.19,439.6 5 1
catapi/controllers/cat_controller.go:440.5,443.57 3 1
catapi/controllers/cat_controller.go:443.57,449.6 5 1
catapi/controllers/cat_controller.go:451.5,452.18 2 1
catapi/controllers/cat_controller.go:455.40,464.22 7 1
catapi/controllers/cat_controller.go:464.22,466.6 1 1
catapi/controllers/cat_controller.go:467.5,468.19 2 1
catapi/controllers/cat_controller.go:468.19,473.6 4 1
catapi/controllers/cat_controller.go:474.5,478.31 3 1
catapi/controllers/cat_controller.go:478.31,483.6 4 1
catapi/controllers/cat_controller.go:485.5,486.57 2 1
catapi/controllers/cat_controller.go:486.57,491.6 4 1
catapi/controllers/cat_controller.go:493.5,494.18 2 1
catapi/controllers/cat_controller.go:497.42,508.19 6 1
catapi/controllers/cat_controller.go:508.19,513.6 4 0
catapi/controllers/cat_controller.go:516.5,520.22 3 1
catapi/controllers/cat_controller.go:520.22,522.6 1 1
catapi/controllers/cat_controller.go:523.5,524.19 2 1
catapi/controllers/cat_controller.go:524.19,529.6 4 1
catapi/controllers/cat_controller.go:530.5,533.31 2 1
catapi/controllers/cat_controller.go:533.31,541.6 7 1
catapi/controllers/cat_controller.go:544.5,545.18 2 1
catapi/controllers/default.go:11.32,15.2 3 0
catapi/routers/router.go:8.13,19.2 9 1
